2017-01-20 18:42:37.1562 [DEBUG] Authenticating with server...
2017-01-20 18:42:37.3343 [DEBUG] Connected to room. (2972:FusionScene:SceneFusion)
2017-01-20 18:42:37.3370 [INFO] Connected to server.
2017-01-20 18:42:37.3420 [DEBUG] OS : Microsoft Windows NT 10.0.14393.0
2017-01-20 18:42:37.3420 [DEBUG] Unity Version : 5.5.0f3
2017-01-20 18:42:37.3420 [DEBUG] Pro License : False
2017-01-20 18:42:37.3425 [DEBUG] Platform : WindowsEditor
2017-01-20 18:42:37.3425 [DEBUG] Build Target : StandaloneWindows
2017-01-20 18:42:37.3425 [DEBUG] Scene Fusion version : 1.2.0
2017-01-20 18:42:37.3425 [DEBUG] User : mdemone@uvic.ca
2017-01-20 18:42:37.4631 [DEBUG] Tier: Beta, Permissions: FFFFFFFF
2017-01-20 18:42:37.4631 [DEBUG] User Permissions: FFFFFFFF
2017-01-20 18:42:37.9356 [DEBUG] Uploading scene 'Level1'
2017-01-20 18:42:38.0492 [DEBUG] Spawn request. (Objects: 13)
2017-01-20 18:50:22.1097 [DEBUG] Spawn request. (Objects: 1)
2017-01-20 18:50:50.5626 [DEBUG] Disconnecting temporarily to enter play mode.
2017-01-20 18:50:50.5631 [DEBUG] Disconnecting from room (2972:FusionScene:SceneFusion)
2017-01-20 18:50:50.5756 [INFO] Disconnected from server.
2017-01-20 18:50:50.5811 [DEBUG] Disconnect. (Duration: 493)
2017-01-20 18:50:57.6062 [DEBUG] Authenticating with server...
2017-01-20 18:50:57.6661 [DEBUG] Connected to room. (2972:FusionScene:SceneFusion)
2017-01-20 18:50:57.6817 [INFO] Connected to server.
2017-01-20 18:50:57.6907 [DEBUG] OS : Microsoft Windows NT 10.0.14393.0
2017-01-20 18:50:57.6907 [DEBUG] Unity Version : 5.5.0f3
2017-01-20 18:50:57.6907 [DEBUG] Pro License : False
2017-01-20 18:50:57.6912 [DEBUG] Platform : WindowsEditor
2017-01-20 18:50:57.6912 [DEBUG] Build Target : StandaloneWindows
2017-01-20 18:50:57.6912 [DEBUG] Scene Fusion version : 1.2.0
2017-01-20 18:50:57.6912 [DEBUG] User : mdemone@uvic.ca
2017-01-20 18:50:57.7797 [DEBUG] Tier: Beta, Permissions: FFFFFFFF
2017-01-20 18:50:57.7797 [DEBUG] User Permissions: FFFFFFFF
2017-01-20 18:51:07.7636 [DEBUG] Play mode: False
2017-01-20 18:51:30.0011 [DEBUG] Disconnecting temporarily to enter play mode.
2017-01-20 18:51:30.0016 [DEBUG] Disconnecting from room (2972:FusionScene:SceneFusion)
2017-01-20 18:51:30.0191 [INFO] Disconnected from server.
2017-01-20 18:51:30.0246 [DEBUG] Disconnect. (Duration: 525)
2017-01-20 18:51:31.6703 [DEBUG] Authenticating with server...
2017-01-20 18:51:31.7209 [DEBUG] Connected to room. (2972:FusionScene:SceneFusion)
2017-01-20 18:51:31.7304 [INFO] Connected to server.
2017-01-20 18:51:31.7414 [DEBUG] OS : Microsoft Windows NT 10.0.14393.0
2017-01-20 18:51:31.7414 [DEBUG] Unity Version : 5.5.0f3
2017-01-20 18:51:31.7414 [DEBUG] Pro License : False
2017-01-20 18:51:31.7419 [DEBUG] Platform : WindowsEditor
2017-01-20 18:51:31.7419 [DEBUG] Build Target : StandaloneWindows
2017-01-20 18:51:31.7419 [DEBUG] Scene Fusion version : 1.2.0
2017-01-20 18:51:31.7419 [DEBUG] User : mdemone@uvic.ca
2017-01-20 18:51:31.8615 [DEBUG] Tier: Beta, Permissions: FFFFFFFF
2017-01-20 18:51:31.8615 [DEBUG] User Permissions: FFFFFFFF
2017-01-20 18:51:32.7521 [DEBUG] Play mode: False
2017-01-20 18:52:35.9636 [DEBUG] Disconnecting temporarily to enter play mode.
2017-01-20 18:52:35.9641 [DEBUG] Disconnecting from room (2972:FusionScene:SceneFusion)
2017-01-20 18:52:35.9741 [INFO] Disconnected from server.
2017-01-20 18:52:35.9796 [DEBUG] Disconnect. (Duration: 589)
2017-01-20 18:52:37.6720 [DEBUG] Authenticating with server...
2017-01-20 18:52:37.7235 [DEBUG] Connected to room. (2972:FusionScene:SceneFusion)
2017-01-20 18:52:37.7295 [INFO] Connected to server.
2017-01-20 18:52:37.7391 [DEBUG] OS : Microsoft Windows NT 10.0.14393.0
2017-01-20 18:52:37.7391 [DEBUG] Unity Version : 5.5.0f3
2017-01-20 18:52:37.7391 [DEBUG] Pro License : False
2017-01-20 18:52:37.7396 [DEBUG] Platform : WindowsEditor
2017-01-20 18:52:37.7396 [DEBUG] Build Target : StandaloneWindows
2017-01-20 18:52:37.7396 [DEBUG] Scene Fusion version : 1.2.0
2017-01-20 18:52:37.7396 [DEBUG] User : mdemone@uvic.ca
2017-01-20 18:52:37.8739 [DEBUG] Tier: Beta, Permissions: FFFFFFFF
2017-01-20 18:52:37.8739 [DEBUG] User Permissions: FFFFFFFF
2017-01-20 18:52:42.2215 [DEBUG] Play mode: False
2017-01-20 18:53:20.0780 [DEBUG] Disconnecting temporarily to enter play mode.
2017-01-20 18:53:20.0785 [DEBUG] Disconnecting from room (2972:FusionScene:SceneFusion)
2017-01-20 18:53:20.0830 [INFO] Disconnected from server.
2017-01-20 18:53:20.0881 [DEBUG] Disconnect. (Duration: 631)
2017-01-20 18:53:21.7844 [DEBUG] Authenticating with server...
2017-01-20 18:53:21.8309 [DEBUG] Connected to room. (2972:FusionScene:SceneFusion)
2017-01-20 18:53:21.8424 [INFO] Connected to server.
2017-01-20 18:53:21.8514 [DEBUG] OS : Microsoft Windows NT 10.0.14393.0
2017-01-20 18:53:21.8514 [DEBUG] Unity Version : 5.5.0f3
2017-01-20 18:53:21.8514 [DEBUG] Pro License : False
2017-01-20 18:53:21.8519 [DEBUG] Platform : WindowsEditor
2017-01-20 18:53:21.8519 [DEBUG] Build Target : StandaloneWindows
2017-01-20 18:53:21.8519 [DEBUG] Scene Fusion version : 1.2.0
2017-01-20 18:53:21.8519 [DEBUG] User : mdemone@uvic.ca
2017-01-20 18:53:21.9525 [DEBUG] Tier: Beta, Permissions: FFFFFFFF
2017-01-20 18:53:21.9525 [DEBUG] User Permissions: FFFFFFFF
2017-01-20 18:53:23.2435 [DEBUG] Play mode: False
2017-01-20 18:53:39.4929 [DEBUG] Disconnecting temporarily to enter play mode.
2017-01-20 18:53:39.4934 [DEBUG] Disconnecting from room (2972:FusionScene:SceneFusion)
2017-01-20 18:53:39.5104 [INFO] Disconnected from server.
2017-01-20 18:53:39.5164 [DEBUG] Disconnect. (Duration: 649)
2017-01-20 18:53:41.2952 [DEBUG] Authenticating with server...
2017-01-20 18:53:41.3434 [DEBUG] Connected to room. (2972:FusionScene:SceneFusion)
2017-01-20 18:53:41.3619 [INFO] Connected to server.
2017-01-20 18:53:41.3714 [DEBUG] OS : Microsoft Windows NT 10.0.14393.0
2017-01-20 18:53:41.3719 [DEBUG] Unity Version : 5.5.0f3
2017-01-20 18:53:41.3719 [DEBUG] Pro License : False
2017-01-20 18:53:41.3719 [DEBUG] Platform : WindowsEditor
2017-01-20 18:53:41.3719 [DEBUG] Build Target : StandaloneWindows
2017-01-20 18:53:41.3719 [DEBUG] Scene Fusion version : 1.2.0
2017-01-20 18:53:41.3719 [DEBUG] User : mdemone@uvic.ca
2017-01-20 18:53:41.4878 [DEBUG] Tier: Beta, Permissions: FFFFFFFF
2017-01-20 18:53:41.4878 [DEBUG] User Permissions: FFFFFFFF
2017-01-20 18:53:42.6896 [DEBUG] Play mode: False
2017-01-20 18:54:08.7388 [DEBUG] Disconnecting temporarily to recompile.
2017-01-20 18:54:08.7393 [DEBUG] Disconnecting from room (2972:FusionScene:SceneFusion)
2017-01-20 18:54:08.7533 [INFO] Disconnected from server.
2017-01-20 18:54:08.7603 [DEBUG] Disconnect. (Duration: 676)
