2017-01-21 09:22:17.2441 [DEBUG] Scene Fusion version 1.2.0
2017-01-21 09:22:17.3334 [DEBUG] Login. (Email: mdemone@uvic.ca)
2017-01-21 09:22:24.8878 [DEBUG] Login complete.
2017-01-21 09:22:44.1710 [DEBUG] Scene Fusion version 1.2.0
2017-01-21 09:22:44.2035 [DEBUG] Play mode: True
2017-01-21 09:22:56.8765 [DEBUG] Play mode: False
2017-01-21 09:27:30.1824 [DEBUG] Scene Fusion version 1.2.0
2017-01-21 09:27:30.2169 [DEBUG] Play mode: True
2017-01-21 09:27:34.0089 [DEBUG] Play mode: False
2017-01-21 09:27:39.5857 [DEBUG] Scene Fusion version 1.2.0
2017-01-21 09:27:39.6238 [DEBUG] Play mode: True
2017-01-21 09:29:32.6034 [DEBUG] Play mode: False
2017-01-21 09:29:46.4496 [DEBUG] Scene Fusion version 1.2.0
2017-01-21 09:29:46.4866 [DEBUG] Play mode: True
2017-01-21 09:29:57.2910 [DEBUG] Play mode: False
2017-01-21 09:32:16.4350 [DEBUG] Scene Fusion version 1.2.0
2017-01-21 09:32:16.4771 [DEBUG] Play mode: True
2017-01-21 09:32:40.7855 [DEBUG] Play mode: False
2017-01-21 09:32:47.7390 [DEBUG] Scene Fusion version 1.2.0
2017-01-21 09:32:47.7786 [DEBUG] Play mode: True
2017-01-21 09:32:52.7281 [DEBUG] Play mode: False
2017-01-21 09:32:57.1117 [DEBUG] Scene Fusion version 1.2.0
2017-01-21 09:32:57.1512 [DEBUG] Play mode: True
2017-01-21 09:33:24.6009 [DEBUG] Play mode: False
2017-01-21 09:33:26.7835 [DEBUG] Scene Fusion version 1.2.0
2017-01-21 09:33:26.8170 [DEBUG] Play mode: True
2017-01-21 09:33:55.6338 [DEBUG] Play mode: False
2017-01-21 09:34:11.4176 [DEBUG] Scene Fusion version 1.2.0
2017-01-21 09:34:11.4526 [DEBUG] Play mode: True
2017-01-21 09:34:26.1216 [DEBUG] Play mode: False
2017-01-21 09:34:34.6247 [DEBUG] Scene Fusion version 1.2.0
2017-01-21 09:34:34.6602 [DEBUG] Play mode: True
2017-01-21 09:34:44.7501 [DEBUG] Play mode: False
2017-01-21 09:35:41.3433 [DEBUG] Scene Fusion version 1.2.0
2017-01-21 09:35:41.3793 [DEBUG] Play mode: True
2017-01-21 09:35:45.4056 [DEBUG] Play mode: False
2017-01-21 09:36:21.6279 [DEBUG] Scene Fusion version 1.2.0
2017-01-21 09:36:21.6604 [DEBUG] Play mode: True
2017-01-21 09:36:45.7539 [DEBUG] Play mode: False
2017-01-21 09:38:16.3510 [DEBUG] Scene Fusion version 1.2.0
2017-01-21 09:38:16.3831 [DEBUG] Play mode: True
2017-01-21 09:39:24.2844 [DEBUG] Play mode: False
2017-01-21 09:41:25.9403 [DEBUG] Scene Fusion version 1.2.0
2017-01-21 09:42:09.4328 [DEBUG] Scene Fusion version 1.2.0
2017-01-21 09:42:09.4718 [DEBUG] Play mode: True
2017-01-21 09:42:15.1336 [DEBUG] Play mode: False
2017-01-21 09:42:20.3108 [DEBUG] Scene Fusion version 1.2.0
2017-01-21 09:42:20.3423 [DEBUG] Play mode: True
2017-01-21 09:42:22.0212 [DEBUG] Play mode: False
2017-01-21 09:42:36.6539 [DEBUG] Scene Fusion version 1.2.0
2017-01-21 09:42:36.6854 [DEBUG] Play mode: True
2017-01-21 09:43:02.6102 [DEBUG] Play mode: False
2017-01-21 09:43:50.2043 [DEBUG] Scene Fusion version 1.2.0
2017-01-21 09:43:50.2388 [DEBUG] Play mode: True
2017-01-21 09:43:53.8426 [DEBUG] Play mode: False
2017-01-21 09:43:59.8082 [DEBUG] Scene Fusion version 1.2.0
2017-01-21 09:43:59.8428 [DEBUG] Play mode: True
2017-01-21 09:44:02.6494 [DEBUG] Play mode: False
2017-01-21 09:44:45.9604 [DEBUG] Scene Fusion version 1.2.0
2017-01-21 09:44:47.6337 [DEBUG] Scene Fusion version 1.2.0
2017-01-21 09:44:47.6677 [DEBUG] Play mode: True
2017-01-21 09:45:32.7075 [DEBUG] Play mode: False
